2023-08-11 13:28:14,267 INFO botocore.credentials MainThread : Found credentials in shared credentials file: ~/.aws/credentials
2023-08-11 13:28:14,417 WARNING werkzeug MainThread :  * Debugger is active!
2023-08-11 13:28:14,422 INFO werkzeug MainThread :  * Debugger PIN: 711-142-473
2023-08-11 13:39:20,525 INFO werkzeug MainThread :  * Detected change in '/Users/alexchen/react-app-backend/app.py', reloading
2023-08-11 13:39:21,191 INFO botocore.credentials MainThread : Found credentials in shared credentials file: ~/.aws/credentials
2023-08-11 13:39:21,422 WARNING werkzeug MainThread :  * Debugger is active!
2023-08-11 13:39:21,428 INFO werkzeug MainThread :  * Debugger PIN: 711-142-473
2023-08-11 13:40:30,629 INFO werkzeug MainThread :  * Detected change in '/Users/alexchen/react-app-backend/app.py', reloading
2023-08-11 13:40:30,942 INFO botocore.credentials MainThread : Found credentials in shared credentials file: ~/.aws/credentials
2023-08-11 13:40:31,081 WARNING werkzeug MainThread :  * Debugger is active!
2023-08-11 13:40:31,086 INFO werkzeug MainThread :  * Debugger PIN: 711-142-473
2023-08-11 13:40:33,119 INFO werkzeug MainThread :  * Detected change in '/Users/alexchen/react-app-backend/app.py', reloading
2023-08-11 13:44:59,175 INFO botocore.credentials MainThread : Found credentials in shared credentials file: ~/.aws/credentials
2023-08-11 13:44:59,320 INFO werkzeug MainThread : [31m[1mWARNING: This is a development server. Do not use it in a production deployment. Use a production WSGI server instead.[0m
 * Running on http://127.0.0.1:5000
2023-08-11 13:44:59,320 INFO werkzeug MainThread : [33mPress CTRL+C to quit[0m
2023-08-11 13:44:59,320 INFO werkzeug MainThread :  * Restarting with stat
2023-08-11 13:44:59,453 INFO botocore.credentials MainThread : Found credentials in shared credentials file: ~/.aws/credentials
2023-08-11 13:44:59,511 WARNING werkzeug MainThread :  * Debugger is active!
2023-08-11 13:44:59,516 INFO werkzeug MainThread :  * Debugger PIN: 711-142-473
2023-08-14 19:40:53,624 INFO botocore.credentials MainThread : Found credentials in shared credentials file: ~/.aws/credentials
2023-08-14 19:40:54,023 INFO werkzeug MainThread : [31m[1mWARNING: This is a development server. Do not use it in a production deployment. Use a production WSGI server instead.[0m
 * Running on http://127.0.0.1:5000
2023-08-14 19:40:54,023 INFO werkzeug MainThread : [33mPress CTRL+C to quit[0m
2023-08-14 19:40:54,023 INFO werkzeug MainThread :  * Restarting with stat
2023-08-14 19:40:54,164 INFO botocore.credentials MainThread : Found credentials in shared credentials file: ~/.aws/credentials
2023-08-14 19:40:54,220 WARNING werkzeug MainThread :  * Debugger is active!
2023-08-14 19:40:54,227 INFO werkzeug MainThread :  * Debugger PIN: 711-142-473
2023-08-14 19:49:03,623 INFO werkzeug MainThread :  * Detected change in '/Users/alexchen/react-app-backend/app.py', reloading
2023-08-14 19:49:03,773 INFO werkzeug MainThread :  * Restarting with stat
